[2021-10-29T16:49:10.970] [DEBUG] cheese - login => username:admin,password:123456
[2021-10-29T16:49:11.298] [DEBUG] cheese - admin
[2021-10-29T16:49:11.314] [DEBUG] cheese - null
[2021-10-29T16:49:11.314] [DEBUG] cheese - null
[2021-10-29T16:54:06.483] [DEBUG] cheese - login => username:admin,password:123456
[2021-10-29T16:54:06.487] [DEBUG] cheese - admin
[2021-10-29T16:54:06.504] [DEBUG] cheese - null
[2021-10-29T16:54:06.505] [DEBUG] cheese - null
[2021-10-29T16:54:14.300] [DEBUG] cheese - login => username:admin,password:123456
[2021-10-29T16:54:14.300] [DEBUG] cheese - admin
[2021-10-29T16:54:14.304] [DEBUG] cheese - null
[2021-10-29T16:54:14.304] [DEBUG] cheese - null
[2021-10-29T19:20:51.599] [DEBUG] cheese - login => username:admin,password:123456
[2021-10-29T19:20:51.601] [DEBUG] cheese - admin
[2021-10-29T19:20:51.686] [DEBUG] cheese - null
[2021-10-29T19:20:51.687] [DEBUG] cheese - null
[2021-10-30T09:57:01.458] [DEBUG] cheese - login => username:admin,password:123456
[2021-10-30T09:57:01.460] [DEBUG] cheese - admin
[2021-10-30T09:57:01.548] [DEBUG] cheese - null
[2021-10-30T09:57:01.549] [DEBUG] cheese - null
[2021-10-30T15:03:19.977] [DEBUG] cheese - login => username:admin,password:123456
[2021-10-30T15:03:20.002] [DEBUG] cheese - admin
[2021-10-30T15:03:20.097] [DEBUG] cheese - null
[2021-10-30T15:03:20.097] [DEBUG] cheese - null
[2021-10-30T15:03:51.554] [DEBUG] cheese - login => username:admin,password:123456
[2021-10-30T15:03:51.554] [DEBUG] cheese - admin
[2021-10-30T15:03:51.562] [DEBUG] cheese - null
[2021-10-30T15:03:51.563] [DEBUG] cheese - null
[2021-10-30T15:04:47.989] [DEBUG] cheese - login => username:admin,password:123456
[2021-10-30T15:04:47.989] [DEBUG] cheese - admin
[2021-10-30T15:04:47.993] [DEBUG] cheese - null
[2021-10-30T15:04:47.993] [DEBUG] cheese - null
[2021-10-30T15:06:24.744] [DEBUG] cheese - login => username:admin,password:123456
[2021-10-30T15:06:24.744] [DEBUG] cheese - admin
[2021-10-30T15:06:24.747] [DEBUG] cheese - null
[2021-10-30T15:06:24.747] [DEBUG] cheese - null
[2021-10-30T15:08:11.939] [DEBUG] cheese - login => username:admin,password:123456
[2021-10-30T15:08:11.940] [DEBUG] cheese - admin
[2021-10-30T15:08:11.943] [DEBUG] cheese - null
[2021-10-30T15:08:11.943] [DEBUG] cheese - null
[2021-10-30T15:08:16.082] [DEBUG] cheese - login => username:admins,password:123456
[2021-10-30T15:08:16.082] [DEBUG] cheese - admins
[2021-10-30T15:08:16.086] [DEBUG] cheese - null
[2021-10-30T15:08:16.086] [DEBUG] cheese - null
[2021-10-30T15:13:30.668] [DEBUG] cheese - login => username:admin,password:123456
[2021-10-30T15:13:30.668] [DEBUG] cheese - admin
[2021-10-30T15:13:30.675] [DEBUG] cheese - null
[2021-10-30T15:13:30.675] [DEBUG] cheese - null
[2021-10-30T15:13:33.018] [DEBUG] cheese - login => username:adminss,password:123456
[2021-10-30T15:13:33.018] [DEBUG] cheese - adminss
[2021-10-30T15:13:33.026] [DEBUG] cheese - null
[2021-10-30T15:13:33.026] [DEBUG] cheese - null
[2021-10-30T15:16:30.193] [DEBUG] cheese - login => username:admin,password:123456
[2021-10-30T15:16:30.193] [DEBUG] cheese - admin
[2021-10-30T15:16:30.199] [DEBUG] cheese - null
[2021-10-30T15:16:30.199] [DEBUG] cheese - null
[2021-10-30T15:16:38.033] [DEBUG] cheese - login => username:admin,password:123456
[2021-10-30T15:16:38.033] [DEBUG] cheese - admin
[2021-10-30T15:16:38.037] [DEBUG] cheese - null
[2021-10-30T15:16:38.037] [DEBUG] cheese - null
[2021-10-30T15:17:15.773] [DEBUG] cheese - login => username:admin,password:123456
[2021-10-30T15:17:15.774] [DEBUG] cheese - admin
[2021-10-30T15:17:15.778] [DEBUG] cheese - null
[2021-10-30T15:17:15.778] [DEBUG] cheese - null
[2021-10-30T15:17:33.231] [DEBUG] cheese - login => username:admin,password:123456
[2021-10-30T15:17:33.231] [DEBUG] cheese - admin
[2021-10-30T15:17:33.237] [DEBUG] cheese - null
[2021-10-30T15:17:33.237] [DEBUG] cheese - null
[2021-10-30T15:23:00.387] [DEBUG] cheese - login => username:admin,password:123456
[2021-10-30T15:23:00.387] [DEBUG] cheese - admin
[2021-10-30T15:23:00.391] [DEBUG] cheese - null
[2021-10-30T15:23:00.391] [DEBUG] cheese - null
[2021-10-30T15:23:03.763] [DEBUG] cheese - login => username:admin,password:123456
[2021-10-30T15:23:03.763] [DEBUG] cheese - admin
[2021-10-30T15:23:03.767] [DEBUG] cheese - null
[2021-10-30T15:23:03.768] [DEBUG] cheese - null
[2021-10-30T15:23:06.510] [DEBUG] cheese - login => username:admin,password:123456
[2021-10-30T15:23:06.510] [DEBUG] cheese - admin
[2021-10-30T15:23:06.515] [DEBUG] cheese - null
[2021-10-30T15:23:06.515] [DEBUG] cheese - null
[2021-10-30T15:23:13.098] [DEBUG] cheese - login => username:admin,password:123456
[2021-10-30T15:23:13.098] [DEBUG] cheese - admin
[2021-10-30T15:23:13.103] [DEBUG] cheese - null
[2021-10-30T15:23:13.103] [DEBUG] cheese - null
[2021-10-30T15:24:02.758] [DEBUG] cheese - login => username:admin,password:123456
[2021-10-30T15:24:02.759] [DEBUG] cheese - admin
[2021-10-30T15:24:02.763] [DEBUG] cheese - null
[2021-10-30T15:24:02.764] [DEBUG] cheese - null
[2021-10-30T15:28:58.798] [DEBUG] cheese - login => username:admin,password:123456
[2021-10-30T15:28:58.798] [DEBUG] cheese - admin
[2021-10-30T15:28:58.803] [DEBUG] cheese - null
[2021-10-30T15:28:58.804] [DEBUG] cheese - null
[2021-10-30T15:33:49.294] [DEBUG] cheese - login => username:admin23,password:123456
[2021-10-30T15:33:49.294] [DEBUG] cheese - admin23
[2021-10-30T15:33:49.300] [DEBUG] cheese - null
[2021-10-30T15:33:49.300] [DEBUG] cheese - null
[2021-10-30T15:34:55.491] [DEBUG] cheese - login => username:admin,password:123456
[2021-10-30T15:34:55.491] [DEBUG] cheese - admin
[2021-10-30T15:34:55.497] [DEBUG] cheese - null
[2021-10-30T15:34:55.497] [DEBUG] cheese - null
[2021-10-30T15:36:47.591] [DEBUG] cheese - login => username:admin,password:123456
[2021-10-30T15:36:47.591] [DEBUG] cheese - admin
[2021-10-30T15:36:47.596] [DEBUG] cheese - null
[2021-10-30T15:36:47.596] [DEBUG] cheese - null
[2021-10-30T15:38:34.035] [DEBUG] cheese - login => username:admin,password:123456
[2021-10-30T15:38:34.035] [DEBUG] cheese - admin
[2021-10-30T15:38:34.042] [DEBUG] cheese - null
[2021-10-30T15:38:34.042] [DEBUG] cheese - null
[2021-10-30T15:39:24.874] [DEBUG] cheese - login => username:admin,password:123456
[2021-10-30T15:39:24.875] [DEBUG] cheese - admin
[2021-10-30T15:39:24.882] [DEBUG] cheese - null
[2021-10-30T15:39:24.882] [DEBUG] cheese - null
[2021-10-31T10:39:59.533] [DEBUG] cheese - login => username:admin,password:123456
[2021-10-31T10:39:59.557] [DEBUG] cheese - admin
[2021-10-31T10:39:59.992] [DEBUG] cheese - null
[2021-10-31T10:39:59.992] [DEBUG] cheese - null
[2021-10-31T10:42:01.723] [DEBUG] cheese - login => username:admin,password:123456
[2021-10-31T10:42:01.723] [DEBUG] cheese - admin
[2021-10-31T10:42:01.726] [DEBUG] cheese - null
[2021-10-31T10:42:01.726] [DEBUG] cheese - null
[2021-10-31T10:42:07.395] [DEBUG] cheese - login => username:admin,password:123456
[2021-10-31T10:42:07.395] [DEBUG] cheese - admin
[2021-10-31T10:42:07.400] [DEBUG] cheese - null
[2021-10-31T10:42:07.401] [DEBUG] cheese - null
[2021-10-31T10:42:10.539] [DEBUG] cheese - login => username:admin1,password:123456
[2021-10-31T10:42:10.539] [DEBUG] cheese - admin1
[2021-10-31T10:42:10.542] [DEBUG] cheese - null
[2021-10-31T10:42:10.542] [DEBUG] cheese - null
[2021-10-31T10:42:12.810] [DEBUG] cheese - login => username:admin,password:123456
[2021-10-31T10:42:12.810] [DEBUG] cheese - admin
[2021-10-31T10:42:12.813] [DEBUG] cheese - null
[2021-10-31T10:42:12.813] [DEBUG] cheese - null
[2021-10-31T11:07:39.546] [DEBUG] cheese - login => username:admin,password:123456
[2021-10-31T11:07:39.546] [DEBUG] cheese - admin
[2021-10-31T11:07:39.551] [DEBUG] cheese - null
[2021-10-31T11:07:39.551] [DEBUG] cheese - null
[2021-10-31T12:38:05.856] [DEBUG] cheese - login => username:admin,password:123456
[2021-10-31T12:38:05.884] [DEBUG] cheese - admin
[2021-10-31T12:38:06.115] [DEBUG] cheese - null
[2021-10-31T12:38:06.116] [DEBUG] cheese - null
[2021-10-31T12:48:27.665] [DEBUG] cheese - login => username:admin,password:123456
[2021-10-31T12:48:27.665] [DEBUG] cheese - admin
[2021-10-31T12:48:27.670] [DEBUG] cheese - null
[2021-10-31T12:48:27.671] [DEBUG] cheese - null
[2021-10-31T15:30:32.907] [DEBUG] cheese - login => username:admin,password:123456
[2021-10-31T15:30:32.910] [DEBUG] cheese - admin
[2021-10-31T15:30:32.991] [DEBUG] cheese - null
[2021-10-31T15:30:32.992] [DEBUG] cheese - null
[2021-10-31T15:45:12.718] [DEBUG] cheese - login => username:admin,password:123456
[2021-10-31T15:45:12.718] [DEBUG] cheese - admin
[2021-10-31T15:45:12.722] [DEBUG] cheese - null
[2021-10-31T15:45:12.722] [DEBUG] cheese - null
[2021-10-31T15:50:04.578] [DEBUG] cheese - login => username:admin,password:123456
[2021-10-31T15:50:04.578] [DEBUG] cheese - admin
[2021-10-31T15:50:04.583] [DEBUG] cheese - null
[2021-10-31T15:50:04.583] [DEBUG] cheese - null
[2021-10-31T16:04:41.090] [DEBUG] cheese - login => username:admin,password:123456
[2021-10-31T16:04:41.090] [DEBUG] cheese - admin
[2021-10-31T16:04:41.093] [DEBUG] cheese - null
[2021-10-31T16:04:41.093] [DEBUG] cheese - null
[2021-10-31T16:49:24.971] [DEBUG] cheese - login => username:admin,password:123456
[2021-10-31T16:49:24.971] [DEBUG] cheese - admin
[2021-10-31T16:49:24.975] [DEBUG] cheese - null
[2021-10-31T16:49:24.975] [DEBUG] cheese - null
[2021-10-31T18:36:55.234] [DEBUG] cheese - login => username:admin,password:123456
[2021-10-31T18:36:55.237] [DEBUG] cheese - admin
[2021-10-31T18:36:55.314] [DEBUG] cheese - null
[2021-10-31T18:36:55.314] [DEBUG] cheese - null
[2021-11-03T20:50:09.082] [DEBUG] cheese - login => username:admin,password:123456
[2021-11-03T20:50:09.085] [DEBUG] cheese - admin
[2021-11-03T20:50:09.371] [DEBUG] cheese - null
[2021-11-03T20:50:09.371] [DEBUG] cheese - null
[2021-11-03T21:36:42.192] [DEBUG] cheese - login => username:admin,password:123456
[2021-11-03T21:36:42.193] [DEBUG] cheese - admin
[2021-11-03T21:36:42.196] [DEBUG] cheese - null
[2021-11-03T21:36:42.196] [DEBUG] cheese - null
[2021-11-04T20:54:54.694] [DEBUG] cheese - login => username:admin,password:123456
[2021-11-04T20:54:54.725] [DEBUG] cheese - admin
[2021-11-04T20:54:54.905] [DEBUG] cheese - null
[2021-11-04T20:54:54.905] [DEBUG] cheese - null
[2021-11-05T15:27:47.378] [DEBUG] cheese - login => username:admin,password:123456
[2021-11-05T15:27:47.381] [DEBUG] cheese - admin
[2021-11-05T15:27:47.677] [DEBUG] cheese - null
[2021-11-05T15:27:47.677] [DEBUG] cheese - null
[2021-11-05T21:21:31.027] [DEBUG] cheese - login => username:admin,password:123456
[2021-11-05T21:21:31.029] [DEBUG] cheese - admin
[2021-11-05T21:21:31.130] [DEBUG] cheese - null
[2021-11-05T21:21:31.131] [DEBUG] cheese - null
[2021-11-05T21:24:19.538] [DEBUG] cheese - login => username:admin,password:123456
[2021-11-05T21:24:19.538] [DEBUG] cheese - admin
[2021-11-05T21:24:19.542] [DEBUG] cheese - null
[2021-11-05T21:24:19.542] [DEBUG] cheese - null
[2021-11-06T09:29:01.968] [DEBUG] cheese - login => username:admin,password:123456
[2021-11-06T09:29:01.971] [DEBUG] cheese - admin
[2021-11-06T09:29:02.024] [DEBUG] cheese - null
[2021-11-06T09:29:02.025] [DEBUG] cheese - null
[2021-11-06T10:32:52.135] [DEBUG] cheese - null
[2021-11-06T10:32:55.029] [DEBUG] cheese - null
[2021-11-06T10:32:57.587] [DEBUG] cheese - null
[2021-11-06T10:33:01.083] [DEBUG] cheese - null
[2021-11-06T10:33:04.378] [DEBUG] cheese - null
[2021-11-06T10:33:07.029] [DEBUG] cheese - null
[2021-11-06T10:33:32.647] [DEBUG] cheese - null
[2021-11-06T10:33:34.194] [DEBUG] cheese - null
[2021-11-06T10:33:36.594] [DEBUG] cheese - null
[2021-11-06T10:33:40.428] [DEBUG] cheese - null
[2021-11-06T10:33:42.321] [DEBUG] cheese - null
[2021-11-06T10:33:46.604] [DEBUG] cheese - null
[2021-11-06T10:33:49.140] [DEBUG] cheese - null
[2021-11-06T10:33:51.359] [DEBUG] cheese - null
[2021-11-06T10:33:54.023] [DEBUG] cheese - null
[2021-11-06T10:33:55.788] [DEBUG] cheese - null
[2021-11-06T10:33:58.405] [DEBUG] cheese - null
[2021-11-06T10:33:59.605] [DEBUG] cheese - null
[2021-11-06T10:34:01.418] [DEBUG] cheese - null
[2021-11-06T10:34:08.197] [DEBUG] cheese - null
[2021-11-06T10:34:10.953] [DEBUG] cheese - null
[2021-11-06T10:34:12.511] [DEBUG] cheese - null
[2021-11-06T10:34:14.180] [DEBUG] cheese - null
[2021-11-06T10:34:15.982] [DEBUG] cheese - null
[2021-11-06T10:34:17.324] [DEBUG] cheese - null
[2021-11-06T10:34:19.494] [DEBUG] cheese - null
[2021-11-06T10:34:21.269] [DEBUG] cheese - null
[2021-11-06T10:34:23.827] [DEBUG] cheese - null
[2021-11-06T10:34:47.157] [DEBUG] cheese - null
[2021-11-06T10:35:08.948] [DEBUG] cheese - null
[2021-11-06T10:35:49.807] [DEBUG] cheese - null
[2021-11-06T10:37:29.793] [DEBUG] cheese - null
[2021-11-06T10:37:32.258] [DEBUG] cheese - null
[2021-11-06T10:39:27.628] [DEBUG] cheese - null
[2021-11-06T10:50:29.416] [DEBUG] cheese - null
[2021-11-06T18:47:39.480] [DEBUG] cheese - login => username:admin,password:123456
[2021-11-06T18:47:39.482] [DEBUG] cheese - admin
[2021-11-06T18:47:39.574] [DEBUG] cheese - null
[2021-11-06T18:47:39.574] [DEBUG] cheese - null
[2021-11-07T09:43:53.314] [DEBUG] cheese - login => username:admin,password:123456
[2021-11-07T09:43:53.319] [DEBUG] cheese - admin
[2021-11-07T09:43:53.396] [DEBUG] cheese - null
[2021-11-07T09:43:53.396] [DEBUG] cheese - null
[2021-11-07T10:42:50.735] [DEBUG] cheese - login => username:admin,password:123456
[2021-11-07T10:42:50.736] [DEBUG] cheese - admin
[2021-11-07T10:42:50.842] [DEBUG] cheese - null
[2021-11-07T10:42:50.842] [DEBUG] cheese - null
[2021-11-07T12:39:44.863] [DEBUG] cheese - login => username:admin,password:123456
[2021-11-07T12:39:44.865] [DEBUG] cheese - admin
[2021-11-07T12:39:44.968] [DEBUG] cheese - null
[2021-11-07T12:39:44.969] [DEBUG] cheese - null
[2021-11-07T14:56:43.859] [DEBUG] cheese - login => username:admin,password:123456
[2021-11-07T14:56:43.861] [DEBUG] cheese - admin
[2021-11-07T14:56:43.917] [DEBUG] cheese - null
[2021-11-07T14:56:43.918] [DEBUG] cheese - null
[2021-11-07T14:58:57.879] [DEBUG] cheese - login => username:admin,password:123456
[2021-11-07T14:58:57.879] [DEBUG] cheese - admin
[2021-11-07T14:58:57.883] [DEBUG] cheese - null
[2021-11-07T14:58:57.883] [DEBUG] cheese - null
[2021-11-07T18:45:40.915] [DEBUG] cheese - login => username:admin,password:123456
[2021-11-07T18:45:40.918] [DEBUG] cheese - admin
[2021-11-07T18:45:40.996] [DEBUG] cheese - null
[2021-11-07T18:45:40.996] [DEBUG] cheese - null
[2021-11-07T21:40:56.689] [DEBUG] cheese - login => username:admin,password:123456
[2021-11-07T21:40:56.691] [DEBUG] cheese - admin
[2021-11-07T21:40:56.774] [DEBUG] cheese - null
[2021-11-07T21:40:56.775] [DEBUG] cheese - null
[2021-11-09T09:56:03.404] [DEBUG] cheese - login => username:admin,password:123456
[2021-11-09T09:56:03.406] [DEBUG] cheese - admin
[2021-11-09T09:56:03.491] [DEBUG] cheese - null
[2021-11-09T09:56:03.492] [DEBUG] cheese - null
[2021-11-09T15:21:55.257] [DEBUG] cheese - login => username:admin,password:123456
[2021-11-09T15:21:55.260] [DEBUG] cheese - admin
[2021-11-09T15:21:55.315] [DEBUG] cheese - null
[2021-11-09T15:21:55.316] [DEBUG] cheese - null
[2021-11-09T18:27:12.629] [DEBUG] cheese - login => username:admin,password:123456
[2021-11-09T18:27:12.632] [DEBUG] cheese - admin
[2021-11-09T18:27:12.690] [DEBUG] cheese - null
[2021-11-09T18:27:12.691] [DEBUG] cheese - null
[2021-11-10T10:17:05.436] [DEBUG] cheese - login => username:admin,password:123456
[2021-11-10T10:17:05.439] [DEBUG] cheese - admin
[2021-11-10T10:17:05.526] [DEBUG] cheese - null
[2021-11-10T10:17:05.526] [DEBUG] cheese - null
[2021-11-10T10:22:29.428] [DEBUG] cheese - login => username:admin,password:123456
[2021-11-10T10:22:29.428] [DEBUG] cheese - admin
[2021-11-10T10:22:29.431] [DEBUG] cheese - null
[2021-11-10T10:22:29.431] [DEBUG] cheese - null
[2021-11-10T12:01:02.976] [DEBUG] cheese - login => username:admin,password:123456
[2021-11-10T12:01:02.981] [DEBUG] cheese - admin
[2021-11-10T12:01:03.046] [DEBUG] cheese - null
[2021-11-10T12:01:03.047] [DEBUG] cheese - null
[2021-11-10T15:52:53.021] [DEBUG] cheese - login => username:admin,password:123456
[2021-11-10T15:52:53.024] [DEBUG] cheese - admin
[2021-11-10T15:52:53.090] [DEBUG] cheese - null
[2021-11-10T15:52:53.091] [DEBUG] cheese - null
[2021-11-10T18:25:27.418] [DEBUG] cheese - login => username:admin,password:123456
[2021-11-10T18:25:27.422] [DEBUG] cheese - admin
[2021-11-10T18:25:27.650] [DEBUG] cheese - null
[2021-11-10T18:25:27.651] [DEBUG] cheese - null
[2021-11-10T22:21:02.996] [DEBUG] cheese - null
[2021-11-11T08:47:43.380] [DEBUG] cheese - login => username:admin,password:123456
[2021-11-11T08:47:43.384] [DEBUG] cheese - admin
[2021-11-11T08:47:43.565] [DEBUG] cheese - null
[2021-11-11T08:47:43.566] [DEBUG] cheese - null
[2021-11-11T09:07:26.489] [DEBUG] cheese - null
[2021-11-11T09:07:50.538] [DEBUG] cheese - null
[2021-11-11T09:09:25.530] [DEBUG] cheese - login => username:admin,password:123456
[2021-11-11T09:09:25.530] [DEBUG] cheese - admin
[2021-11-11T09:09:25.536] [DEBUG] cheese - null
[2021-11-11T09:09:25.536] [DEBUG] cheese - null
[2021-11-11T09:10:27.953] [DEBUG] cheese - null
[2021-11-11T09:13:24.150] [DEBUG] cheese - login => username:admin,password:123456
[2021-11-11T09:13:24.153] [DEBUG] cheese - admin
[2021-11-11T09:13:24.163] [DEBUG] cheese - null
[2021-11-11T09:13:24.163] [DEBUG] cheese - null
[2021-11-11T09:15:10.672] [DEBUG] cheese - null
[2021-11-11T09:17:52.176] [DEBUG] cheese - null
[2021-11-11T10:25:11.306] [DEBUG] cheese - login => username:admin,password:123456
[2021-11-11T10:25:11.308] [DEBUG] cheese - admin
[2021-11-11T10:25:11.320] [DEBUG] cheese - null
[2021-11-11T10:25:11.321] [DEBUG] cheese - null
[2021-11-11T10:25:28.204] [DEBUG] cheese - null
[2021-11-11T10:39:51.138] [DEBUG] cheese - login => username:admin,password:123456
[2021-11-11T10:39:51.138] [DEBUG] cheese - admin
[2021-11-11T10:39:51.142] [DEBUG] cheese - null
[2021-11-11T10:39:51.142] [DEBUG] cheese - null
[2021-11-11T14:19:03.841] [DEBUG] cheese - login => username:admin,password:123456
[2021-11-11T14:19:03.843] [DEBUG] cheese - admin
[2021-11-11T14:19:03.901] [DEBUG] cheese - null
[2021-11-11T14:19:03.901] [DEBUG] cheese - null
[2021-11-11T15:46:20.242] [DEBUG] cheese - login => username:admin,password:123456
[2021-11-11T15:46:20.246] [DEBUG] cheese - admin
[2021-11-11T15:46:20.254] [DEBUG] cheese - null
[2021-11-11T15:46:20.255] [DEBUG] cheese - null
[2021-11-11T21:25:39.865] [DEBUG] cheese - login => username:admin,password:123456
[2021-11-11T21:25:39.869] [DEBUG] cheese - admin
[2021-11-11T21:25:39.922] [DEBUG] cheese - null
[2021-11-11T21:25:39.922] [DEBUG] cheese - null
[2021-11-12T10:00:55.138] [DEBUG] cheese - login => username:admin,password:123456
[2021-11-12T10:00:55.141] [DEBUG] cheese - admin
[2021-11-12T10:00:55.237] [DEBUG] cheese - null
[2021-11-12T10:00:55.238] [DEBUG] cheese - null
[2021-11-12T10:06:09.582] [DEBUG] cheese - login => username:admin,password:123456
[2021-11-12T10:06:09.582] [DEBUG] cheese - admin
[2021-11-12T10:06:09.586] [DEBUG] cheese - null
[2021-11-12T10:06:09.586] [DEBUG] cheese - null
[2022-02-17T21:36:36.113] [DEBUG] cheese - login => username:admin,password:123456
[2022-02-17T21:36:36.114] [DEBUG] cheese - admin
[2022-02-17T21:36:36.164] [DEBUG] cheese - null
[2022-02-17T21:36:36.165] [DEBUG] cheese - null
